{"C:\\Users\\WinterOS\\Documents\\Francisco\\Diseno\\Backend SIAT\\src\\app.js": {"path":"C:\\Users\\WinterOS\\Documents\\Francisco\\Diseno\\Backend SIAT\\src\\app.js","statementMap":{"0":{"start":{"line":1,"column":16},"end":{"line":1,"column":34}},"1":{"start":{"line":2,"column":13},"end":{"line":2,"column":28}},"2":{"start":{"line":3,"column":15},"end":{"line":3,"column":32}},"3":{"start":{"line":5,"column":12},"end":{"line":5,"column":21}},"4":{"start":{"line":9,"column":0},"end":{"line":12,"column":4}},"5":{"start":{"line":15,"column":0},"end":{"line":15,"column":23}},"6":{"start":{"line":16,"column":0},"end":{"line":16,"column":24}},"7":{"start":{"line":17,"column":0},"end":{"line":17,"column":48}},"8":{"start":{"line":20,"column":0},"end":{"line":22,"column":3}},"9":{"start":{"line":21,"column":2},"end":{"line":21,"column":92}},"10":{"start":{"line":24,"column":19},"end":{"line":24,"column":56}},"11":{"start":{"line":25,"column":20},"end":{"line":25,"column":59}},"12":{"start":{"line":26,"column":23},"end":{"line":26,"column":68}},"13":{"start":{"line":27,"column":24},"end":{"line":27,"column":71}},"14":{"start":{"line":28,"column":23},"end":{"line":28,"column":68}},"15":{"start":{"line":29,"column":21},"end":{"line":29,"column":57}},"16":{"start":{"line":32,"column":0},"end":{"line":32,"column":33}},"17":{"start":{"line":33,"column":0},"end":{"line":33,"column":35}},"18":{"start":{"line":34,"column":0},"end":{"line":34,"column":41}},"19":{"start":{"line":35,"column":0},"end":{"line":35,"column":43}},"20":{"start":{"line":36,"column":0},"end":{"line":36,"column":41}},"21":{"start":{"line":39,"column":0},"end":{"line":41,"column":3}},"22":{"start":{"line":40,"column":2},"end":{"line":40,"column":56}},"23":{"start":{"line":44,"column":0},"end":{"line":44,"column":22}},"24":{"start":{"line":46,"column":0},"end":{"line":46,"column":21}}},"fnMap":{"0":{"name":"(anonymous_0)","decl":{"start":{"line":20,"column":23},"end":{"line":20,"column":24}},"loc":{"start":{"line":20,"column":37},"end":{"line":22,"column":1}},"line":20},"1":{"name":"(anonymous_1)","decl":{"start":{"line":39,"column":8},"end":{"line":39,"column":9}},"loc":{"start":{"line":39,"column":28},"end":{"line":41,"column":1}},"line":39}},"branchMap":{},"s":{"0":2,"1":2,"2":2,"3":2,"4":2,"5":2,"6":2,"7":2,"8":2,"9":0,"10":2,"11":2,"12":2,"13":2,"14":2,"15":2,"16":2,"17":2,"18":2,"19":2,"20":2,"21":2,"22":0,"23":2,"24":2},"f":{"0":0,"1":0},"b":{},"_coverageSchema":"1a1c01bbd47fc00a2c39e90264f33305004495a9","hash":"04119a27180560c054dd5658009bda1cb6024567"}
,"C:\\Users\\WinterOS\\Documents\\Francisco\\Diseno\\Backend SIAT\\src\\config\\env.js": {"path":"C:\\Users\\WinterOS\\Documents\\Francisco\\Diseno\\Backend SIAT\\src\\config\\env.js","statementMap":{"0":{"start":{"line":1,"column":14},"end":{"line":1,"column":28}},"1":{"start":{"line":2,"column":15},"end":{"line":2,"column":32}},"2":{"start":{"line":4,"column":0},"end":{"line":4,"column":16}},"3":{"start":{"line":6,"column":18},"end":{"line":10,"column":2}},"4":{"start":{"line":12,"column":13},"end":{"line":12,"column":45}},"5":{"start":{"line":14,"column":0},"end":{"line":17,"column":1}},"6":{"start":{"line":15,"column":2},"end":{"line":15,"column":87}},"7":{"start":{"line":16,"column":2},"end":{"line":16,"column":18}},"8":{"start":{"line":19,"column":0},"end":{"line":19,"column":27}}},"fnMap":{},"branchMap":{"0":{"loc":{"start":{"line":14,"column":0},"end":{"line":17,"column":1}},"type":"if","locations":[{"start":{"line":14,"column":0},"end":{"line":17,"column":1}},{"start":{},"end":{}}],"line":14}},"s":{"0":2,"1":2,"2":2,"3":2,"4":2,"5":2,"6":0,"7":0,"8":2},"f":{},"b":{"0":[0,2]},"_coverageSchema":"1a1c01bbd47fc00a2c39e90264f33305004495a9","hash":"0a8f58b9a35055072fd7b8ddbac0a885cfc8b3c9"}
,"C:\\Users\\WinterOS\\Documents\\Francisco\\Diseno\\Backend SIAT\\src\\middleware\\auth.middleware.js": {"path":"C:\\Users\\WinterOS\\Documents\\Francisco\\Diseno\\Backend SIAT\\src\\middleware\\auth.middleware.js","statementMap":{"0":{"start":{"line":1,"column":12},"end":{"line":1,"column":35}},"1":{"start":{"line":2,"column":12},"end":{"line":2,"column":36}},"2":{"start":{"line":4,"column":21},"end":{"line":20,"column":1}},"3":{"start":{"line":5,"column":21},"end":{"line":5,"column":46}},"4":{"start":{"line":7,"column":2},"end":{"line":9,"column":3}},"5":{"start":{"line":8,"column":4},"end":{"line":8,"column":75}},"6":{"start":{"line":11,"column":16},"end":{"line":11,"column":40}},"7":{"start":{"line":13,"column":2},"end":{"line":19,"column":3}},"8":{"start":{"line":14,"column":20},"end":{"line":14,"column":53}},"9":{"start":{"line":15,"column":4},"end":{"line":15,"column":23}},"10":{"start":{"line":16,"column":4},"end":{"line":16,"column":11}},"11":{"start":{"line":18,"column":4},"end":{"line":18,"column":72}},"12":{"start":{"line":22,"column":20},"end":{"line":27,"column":1}},"13":{"start":{"line":22,"column":31},"end":{"line":27,"column":1}},"14":{"start":{"line":23,"column":2},"end":{"line":25,"column":3}},"15":{"start":{"line":24,"column":4},"end":{"line":24,"column":80}},"16":{"start":{"line":26,"column":2},"end":{"line":26,"column":9}},"17":{"start":{"line":29,"column":0},"end":{"line":29,"column":47}}},"fnMap":{"0":{"name":"(anonymous_0)","decl":{"start":{"line":4,"column":21},"end":{"line":4,"column":22}},"loc":{"start":{"line":4,"column":41},"end":{"line":20,"column":1}},"line":4},"1":{"name":"(anonymous_1)","decl":{"start":{"line":22,"column":20},"end":{"line":22,"column":21}},"loc":{"start":{"line":22,"column":31},"end":{"line":27,"column":1}},"line":22},"2":{"name":"(anonymous_2)","decl":{"start":{"line":22,"column":31},"end":{"line":22,"column":32}},"loc":{"start":{"line":22,"column":51},"end":{"line":27,"column":1}},"line":22}},"branchMap":{"0":{"loc":{"start":{"line":7,"column":2},"end":{"line":9,"column":3}},"type":"if","locations":[{"start":{"line":7,"column":2},"end":{"line":9,"column":3}},{"start":{},"end":{}}],"line":7},"1":{"loc":{"start":{"line":7,"column":6},"end":{"line":7,"column":54}},"type":"binary-expr","locations":[{"start":{"line":7,"column":6},"end":{"line":7,"column":17}},{"start":{"line":7,"column":21},"end":{"line":7,"column":54}}],"line":7},"2":{"loc":{"start":{"line":23,"column":2},"end":{"line":25,"column":3}},"type":"if","locations":[{"start":{"line":23,"column":2},"end":{"line":25,"column":3}},{"start":{},"end":{}}],"line":23},"3":{"loc":{"start":{"line":23,"column":6},"end":{"line":23,"column":53}},"type":"binary-expr","locations":[{"start":{"line":23,"column":6},"end":{"line":23,"column":15}},{"start":{"line":23,"column":19},"end":{"line":23,"column":53}}],"line":23}},"s":{"0":2,"1":2,"2":2,"3":3,"4":3,"5":1,"6":2,"7":2,"8":2,"9":2,"10":2,"11":0,"12":2,"13":2,"14":0,"15":0,"16":0,"17":2},"f":{"0":3,"1":2,"2":0},"b":{"0":[1,2],"1":[3,2],"2":[0,0],"3":[0,0]},"_coverageSchema":"1a1c01bbd47fc00a2c39e90264f33305004495a9","hash":"89882fa876b6df3a0567bfa8f2430b57c6bcae25"}
,"C:\\Users\\WinterOS\\Documents\\Francisco\\Diseno\\Backend SIAT\\src\\middleware\\errorHandler.js": {"path":"C:\\Users\\WinterOS\\Documents\\Francisco\\Diseno\\Backend SIAT\\src\\middleware\\errorHandler.js","statementMap":{"0":{"start":{"line":1,"column":21},"end":{"line":11,"column":1}},"1":{"start":{"line":2,"column":2},"end":{"line":2,"column":43}},"2":{"start":{"line":4,"column":17},"end":{"line":4,"column":38}},"3":{"start":{"line":5,"column":18},"end":{"line":5,"column":61}},"4":{"start":{"line":7,"column":2},"end":{"line":10,"column":5}},"5":{"start":{"line":13,"column":0},"end":{"line":13,"column":30}}},"fnMap":{"0":{"name":"(anonymous_0)","decl":{"start":{"line":1,"column":21},"end":{"line":1,"column":22}},"loc":{"start":{"line":1,"column":46},"end":{"line":11,"column":1}},"line":1}},"branchMap":{"0":{"loc":{"start":{"line":4,"column":17},"end":{"line":4,"column":38}},"type":"binary-expr","locations":[{"start":{"line":4,"column":17},"end":{"line":4,"column":31}},{"start":{"line":4,"column":35},"end":{"line":4,"column":38}}],"line":4},"1":{"loc":{"start":{"line":5,"column":18},"end":{"line":5,"column":61}},"type":"binary-expr","locations":[{"start":{"line":5,"column":18},"end":{"line":5,"column":29}},{"start":{"line":5,"column":33},"end":{"line":5,"column":61}}],"line":5}},"s":{"0":2,"1":0,"2":0,"3":0,"4":0,"5":2},"f":{"0":0},"b":{"0":[0,0],"1":[0,0]},"_coverageSchema":"1a1c01bbd47fc00a2c39e90264f33305004495a9","hash":"14ed2ecd4fe4c55cc06ff1f050d44a928bd56b44"}
,"C:\\Users\\WinterOS\\Documents\\Francisco\\Diseno\\Backend SIAT\\src\\middleware\\validate.middleware.js": {"path":"C:\\Users\\WinterOS\\Documents\\Francisco\\Diseno\\Backend SIAT\\src\\middleware\\validate.middleware.js","statementMap":{"0":{"start":{"line":1,"column":21},"end":{"line":1,"column":35}},"1":{"start":{"line":3,"column":23},"end":{"line":24,"column":1}},"2":{"start":{"line":3,"column":35},"end":{"line":24,"column":1}},"3":{"start":{"line":4,"column":2},"end":{"line":23,"column":3}},"4":{"start":{"line":5,"column":4},"end":{"line":9,"column":7}},"5":{"start":{"line":10,"column":4},"end":{"line":10,"column":11}},"6":{"start":{"line":12,"column":4},"end":{"line":21,"column":5}},"7":{"start":{"line":13,"column":21},"end":{"line":13,"column":49}},"8":{"start":{"line":14,"column":6},"end":{"line":20,"column":9}},"9":{"start":{"line":16,"column":37},"end":{"line":19,"column":9}},"10":{"start":{"line":22,"column":4},"end":{"line":22,"column":16}},"11":{"start":{"line":26,"column":0},"end":{"line":26,"column":36}}},"fnMap":{"0":{"name":"(anonymous_0)","decl":{"start":{"line":3,"column":23},"end":{"line":3,"column":24}},"loc":{"start":{"line":3,"column":35},"end":{"line":24,"column":1}},"line":3},"1":{"name":"(anonymous_1)","decl":{"start":{"line":3,"column":35},"end":{"line":3,"column":36}},"loc":{"start":{"line":3,"column":55},"end":{"line":24,"column":1}},"line":3},"2":{"name":"(anonymous_2)","decl":{"start":{"line":16,"column":29},"end":{"line":16,"column":30}},"loc":{"start":{"line":16,"column":37},"end":{"line":19,"column":9}},"line":16}},"branchMap":{"0":{"loc":{"start":{"line":12,"column":4},"end":{"line":21,"column":5}},"type":"if","locations":[{"start":{"line":12,"column":4},"end":{"line":21,"column":5}},{"start":{},"end":{}}],"line":12},"1":{"loc":{"start":{"line":12,"column":8},"end":{"line":12,"column":47}},"type":"binary-expr","locations":[{"start":{"line":12,"column":8},"end":{"line":12,"column":13}},{"start":{"line":12,"column":18},"end":{"line":12,"column":30}},{"start":{"line":12,"column":34},"end":{"line":12,"column":46}}],"line":12},"2":{"loc":{"start":{"line":13,"column":21},"end":{"line":13,"column":49}},"type":"binary-expr","locations":[{"start":{"line":13,"column":21},"end":{"line":13,"column":33}},{"start":{"line":13,"column":37},"end":{"line":13,"column":49}}],"line":13},"3":{"loc":{"start":{"line":17,"column":17},"end":{"line":17,"column":58}},"type":"cond-expr","locations":[{"start":{"line":17,"column":26},"end":{"line":17,"column":42}},{"start":{"line":17,"column":45},"end":{"line":17,"column":58}}],"line":17}},"s":{"0":2,"1":2,"2":8,"3":3,"4":3,"5":2,"6":1,"7":1,"8":1,"9":2,"10":0,"11":2},"f":{"0":8,"1":3,"2":2},"b":{"0":[1,0],"1":[1,1,1],"2":[1,1],"3":[2,0]},"_coverageSchema":"1a1c01bbd47fc00a2c39e90264f33305004495a9","hash":"0fdeef74c4c1ff0d20b5afd58b4461d01719c8ac"}
,"C:\\Users\\WinterOS\\Documents\\Francisco\\Diseno\\Backend SIAT\\src\\modules\\auth\\auth.controller.js": {"path":"C:\\Users\\WinterOS\\Documents\\Francisco\\Diseno\\Backend SIAT\\src\\modules\\auth\\auth.controller.js","statementMap":{"0":{"start":{"line":1,"column":20},"end":{"line":1,"column":45}},"1":{"start":{"line":3,"column":14},"end":{"line":11,"column":1}},"2":{"start":{"line":4,"column":2},"end":{"line":10,"column":3}},"3":{"start":{"line":5,"column":35},"end":{"line":5,"column":43}},"4":{"start":{"line":6,"column":19},"end":{"line":6,"column":62}},"5":{"start":{"line":7,"column":4},"end":{"line":7,"column":69}},"6":{"start":{"line":9,"column":4},"end":{"line":9,"column":51}},"7":{"start":{"line":13,"column":22},"end":{"line":20,"column":1}},"8":{"start":{"line":14,"column":2},"end":{"line":19,"column":3}},"9":{"start":{"line":15,"column":19},"end":{"line":15,"column":68}},"10":{"start":{"line":16,"column":4},"end":{"line":16,"column":93}},"11":{"start":{"line":18,"column":4},"end":{"line":18,"column":51}},"12":{"start":{"line":22,"column":14},"end":{"line":25,"column":1}},"13":{"start":{"line":24,"column":2},"end":{"line":24,"column":43}},"14":{"start":{"line":27,"column":0},"end":{"line":27,"column":49}}},"fnMap":{"0":{"name":"(anonymous_0)","decl":{"start":{"line":3,"column":14},"end":{"line":3,"column":15}},"loc":{"start":{"line":3,"column":40},"end":{"line":11,"column":1}},"line":3},"1":{"name":"(anonymous_1)","decl":{"start":{"line":13,"column":22},"end":{"line":13,"column":23}},"loc":{"start":{"line":13,"column":48},"end":{"line":20,"column":1}},"line":13},"2":{"name":"(anonymous_2)","decl":{"start":{"line":22,"column":14},"end":{"line":22,"column":15}},"loc":{"start":{"line":22,"column":40},"end":{"line":25,"column":1}},"line":22}},"branchMap":{},"s":{"0":2,"1":2,"2":1,"3":1,"4":1,"5":0,"6":1,"7":2,"8":1,"9":1,"10":1,"11":0,"12":2,"13":0,"14":2},"f":{"0":1,"1":1,"2":0},"b":{},"_coverageSchema":"1a1c01bbd47fc00a2c39e90264f33305004495a9","hash":"3ab5a3589cacc1c23a50b375ce6750d2541fe3fb"}
,"C:\\Users\\WinterOS\\Documents\\Francisco\\Diseno\\Backend SIAT\\src\\modules\\auth\\auth.routes.js": {"path":"C:\\Users\\WinterOS\\Documents\\Francisco\\Diseno\\Backend SIAT\\src\\modules\\auth\\auth.routes.js","statementMap":{"0":{"start":{"line":1,"column":16},"end":{"line":1,"column":34}},"1":{"start":{"line":2,"column":15},"end":{"line":2,"column":31}},"2":{"start":{"line":4,"column":23},"end":{"line":4,"column":51}},"3":{"start":{"line":5,"column":27},"end":{"line":5,"column":74}},"4":{"start":{"line":6,"column":25},"end":{"line":6,"column":68}},"5":{"start":{"line":7,"column":16},"end":{"line":7,"column":40}},"6":{"start":{"line":10,"column":0},"end":{"line":10,"column":81}},"7":{"start":{"line":13,"column":0},"end":{"line":13,"column":106}},"8":{"start":{"line":16,"column":0},"end":{"line":16,"column":54}},"9":{"start":{"line":18,"column":0},"end":{"line":18,"column":24}}},"fnMap":{},"branchMap":{},"s":{"0":2,"1":2,"2":2,"3":2,"4":2,"5":2,"6":2,"7":2,"8":2,"9":2},"f":{},"b":{},"_coverageSchema":"1a1c01bbd47fc00a2c39e90264f33305004495a9","hash":"b99189faf07f4b25e2bb1bc0f75f6baa7b9689ee"}
,"C:\\Users\\WinterOS\\Documents\\Francisco\\Diseno\\Backend SIAT\\src\\modules\\auth\\auth.schema.js": {"path":"C:\\Users\\WinterOS\\Documents\\Francisco\\Diseno\\Backend SIAT\\src\\modules\\auth\\auth.schema.js","statementMap":{"0":{"start":{"line":1,"column":14},"end":{"line":1,"column":28}},"1":{"start":{"line":3,"column":20},"end":{"line":8,"column":2}},"2":{"start":{"line":11,"column":28},"end":{"line":23,"column":2}},"3":{"start":{"line":25,"column":0},"end":{"line":25,"column":54}}},"fnMap":{},"branchMap":{},"s":{"0":2,"1":2,"2":2,"3":2},"f":{},"b":{},"_coverageSchema":"1a1c01bbd47fc00a2c39e90264f33305004495a9","hash":"bbf987f75b42b923a0e5afb265c3535c3534f02e"}
,"C:\\Users\\WinterOS\\Documents\\Francisco\\Diseno\\Backend SIAT\\src\\modules\\auth\\auth.service.js": {"path":"C:\\Users\\WinterOS\\Documents\\Francisco\\Diseno\\Backend SIAT\\src\\modules\\auth\\auth.service.js","statementMap":{"0":{"start":{"line":1,"column":15},"end":{"line":1,"column":32}},"1":{"start":{"line":2,"column":12},"end":{"line":2,"column":35}},"2":{"start":{"line":3,"column":15},"end":{"line":3,"column":41}},"3":{"start":{"line":4,"column":12},"end":{"line":4,"column":39}},"4":{"start":{"line":8,"column":20},"end":{"line":11,"column":6}},"5":{"start":{"line":13,"column":4},"end":{"line":15,"column":5}},"6":{"start":{"line":14,"column":6},"end":{"line":14,"column":67}},"7":{"start":{"line":17,"column":20},"end":{"line":17,"column":65}},"8":{"start":{"line":18,"column":4},"end":{"line":20,"column":5}},"9":{"start":{"line":19,"column":6},"end":{"line":19,"column":48}},"10":{"start":{"line":23,"column":4},"end":{"line":26,"column":7}},"11":{"start":{"line":28,"column":18},"end":{"line":36,"column":5}},"12":{"start":{"line":38,"column":4},"end":{"line":38,"column":95}},"13":{"start":{"line":43,"column":25},"end":{"line":45,"column":6}},"14":{"start":{"line":47,"column":4},"end":{"line":49,"column":5}},"15":{"start":{"line":48,"column":6},"end":{"line":48,"column":66}},"16":{"start":{"line":52,"column":23},"end":{"line":52,"column":59}},"17":{"start":{"line":55,"column":30},"end":{"line":55,"column":39}},"18":{"start":{"line":58,"column":19},"end":{"line":83,"column":6}},"19":{"start":{"line":59,"column":19},"end":{"line":68,"column":8}},"20":{"start":{"line":70,"column":20},"end":{"line":80,"column":8}},"21":{"start":{"line":82,"column":6},"end":{"line":82,"column":29}},"22":{"start":{"line":85,"column":4},"end":{"line":85,"column":18}},"23":{"start":{"line":89,"column":0},"end":{"line":89,"column":35}}},"fnMap":{"0":{"name":"(anonymous_0)","decl":{"start":{"line":7,"column":2},"end":{"line":7,"column":3}},"loc":{"start":{"line":7,"column":29},"end":{"line":39,"column":3}},"line":7},"1":{"name":"(anonymous_1)","decl":{"start":{"line":41,"column":2},"end":{"line":41,"column":3}},"loc":{"start":{"line":41,"column":36},"end":{"line":86,"column":3}},"line":41},"2":{"name":"(anonymous_2)","decl":{"start":{"line":58,"column":45},"end":{"line":58,"column":46}},"loc":{"start":{"line":58,"column":59},"end":{"line":83,"column":5}},"line":58}},"branchMap":{"0":{"loc":{"start":{"line":13,"column":4},"end":{"line":15,"column":5}},"type":"if","locations":[{"start":{"line":13,"column":4},"end":{"line":15,"column":5}},{"start":{},"end":{}}],"line":13},"1":{"loc":{"start":{"line":18,"column":4},"end":{"line":20,"column":5}},"type":"if","locations":[{"start":{"line":18,"column":4},"end":{"line":20,"column":5}},{"start":{},"end":{}}],"line":18},"2":{"loc":{"start":{"line":47,"column":4},"end":{"line":49,"column":5}},"type":"if","locations":[{"start":{"line":47,"column":4},"end":{"line":49,"column":5}},{"start":{},"end":{}}],"line":47}},"s":{"0":2,"1":2,"2":2,"3":2,"4":1,"5":1,"6":1,"7":0,"8":0,"9":0,"10":0,"11":0,"12":0,"13":1,"14":1,"15":0,"16":1,"17":1,"18":1,"19":0,"20":0,"21":0,"22":1,"23":2},"f":{"0":1,"1":1,"2":0},"b":{"0":[1,0],"1":[0,0],"2":[0,1]},"_coverageSchema":"1a1c01bbd47fc00a2c39e90264f33305004495a9","hash":"7371c4457debe04638189980ed4b39b538fba21e"}
,"C:\\Users\\WinterOS\\Documents\\Francisco\\Diseno\\Backend SIAT\\src\\modules\\monitoreo\\monitoreo.routes.js": {"path":"C:\\Users\\WinterOS\\Documents\\Francisco\\Diseno\\Backend SIAT\\src\\modules\\monitoreo\\monitoreo.routes.js","statementMap":{"0":{"start":{"line":1,"column":16},"end":{"line":1,"column":34}},"1":{"start":{"line":2,"column":15},"end":{"line":2,"column":31}},"2":{"start":{"line":3,"column":25},"end":{"line":3,"column":68}},"3":{"start":{"line":5,"column":0},"end":{"line":7,"column":3}},"4":{"start":{"line":6,"column":2},"end":{"line":6,"column":51}},"5":{"start":{"line":9,"column":0},"end":{"line":9,"column":24}}},"fnMap":{"0":{"name":"(anonymous_0)","decl":{"start":{"line":5,"column":41},"end":{"line":5,"column":42}},"loc":{"start":{"line":5,"column":55},"end":{"line":7,"column":1}},"line":5}},"branchMap":{},"s":{"0":2,"1":2,"2":2,"3":2,"4":0,"5":2},"f":{"0":0},"b":{},"_coverageSchema":"1a1c01bbd47fc00a2c39e90264f33305004495a9","hash":"10bf4c84d652d826ac15505cb5abf292e4e0349a"}
,"C:\\Users\\WinterOS\\Documents\\Francisco\\Diseno\\Backend SIAT\\src\\modules\\ninos\\ninos.controller.js": {"path":"C:\\Users\\WinterOS\\Documents\\Francisco\\Diseno\\Backend SIAT\\src\\modules\\ninos\\ninos.controller.js","statementMap":{"0":{"start":{"line":1,"column":21},"end":{"line":1,"column":47}},"1":{"start":{"line":3,"column":18},"end":{"line":11,"column":1}},"2":{"start":{"line":4,"column":2},"end":{"line":10,"column":3}},"3":{"start":{"line":5,"column":25},"end":{"line":5,"column":33}},"4":{"start":{"line":6,"column":19},"end":{"line":6,"column":84}},"5":{"start":{"line":7,"column":4},"end":{"line":7,"column":84}},"6":{"start":{"line":9,"column":4},"end":{"line":9,"column":51}},"7":{"start":{"line":13,"column":17},"end":{"line":21,"column":1}},"8":{"start":{"line":14,"column":2},"end":{"line":20,"column":3}},"9":{"start":{"line":15,"column":35},"end":{"line":15,"column":43}},"10":{"start":{"line":16,"column":19},"end":{"line":16,"column":69}},"11":{"start":{"line":17,"column":4},"end":{"line":17,"column":43}},"12":{"start":{"line":19,"column":4},"end":{"line":19,"column":51}},"13":{"start":{"line":23,"column":27},"end":{"line":31,"column":1}},"14":{"start":{"line":24,"column":2},"end":{"line":30,"column":3}},"15":{"start":{"line":25,"column":25},"end":{"line":25,"column":35}},"16":{"start":{"line":26,"column":19},"end":{"line":26,"column":67}},"17":{"start":{"line":27,"column":4},"end":{"line":27,"column":74}},"18":{"start":{"line":29,"column":4},"end":{"line":29,"column":51}},"19":{"start":{"line":33,"column":0},"end":{"line":33,"column":61}}},"fnMap":{"0":{"name":"(anonymous_0)","decl":{"start":{"line":3,"column":18},"end":{"line":3,"column":19}},"loc":{"start":{"line":3,"column":44},"end":{"line":11,"column":1}},"line":3},"1":{"name":"(anonymous_1)","decl":{"start":{"line":13,"column":17},"end":{"line":13,"column":18}},"loc":{"start":{"line":13,"column":43},"end":{"line":21,"column":1}},"line":13},"2":{"name":"(anonymous_2)","decl":{"start":{"line":23,"column":27},"end":{"line":23,"column":28}},"loc":{"start":{"line":23,"column":53},"end":{"line":31,"column":1}},"line":23}},"branchMap":{},"s":{"0":2,"1":2,"2":0,"3":0,"4":0,"5":0,"6":0,"7":2,"8":2,"9":2,"10":2,"11":2,"12":0,"13":2,"14":0,"15":0,"16":0,"17":0,"18":0,"19":2},"f":{"0":0,"1":2,"2":0},"b":{},"_coverageSchema":"1a1c01bbd47fc00a2c39e90264f33305004495a9","hash":"9e315fdb6490b0b45e954b787e349458fd820207"}
,"C:\\Users\\WinterOS\\Documents\\Francisco\\Diseno\\Backend SIAT\\src\\modules\\ninos\\ninos.routes.js": {"path":"C:\\Users\\WinterOS\\Documents\\Francisco\\Diseno\\Backend SIAT\\src\\modules\\ninos\\ninos.routes.js","statementMap":{"0":{"start":{"line":1,"column":16},"end":{"line":1,"column":34}},"1":{"start":{"line":2,"column":15},"end":{"line":2,"column":31}},"2":{"start":{"line":4,"column":24},"end":{"line":4,"column":53}},"3":{"start":{"line":5,"column":27},"end":{"line":5,"column":74}},"4":{"start":{"line":6,"column":38},"end":{"line":6,"column":81}},"5":{"start":{"line":7,"column":16},"end":{"line":7,"column":41}},"6":{"start":{"line":10,"column":0},"end":{"line":10,"column":65}},"7":{"start":{"line":13,"column":0},"end":{"line":13,"column":139}},"8":{"start":{"line":16,"column":0},"end":{"line":16,"column":125}},"9":{"start":{"line":18,"column":0},"end":{"line":18,"column":24}}},"fnMap":{},"branchMap":{},"s":{"0":2,"1":2,"2":2,"3":2,"4":2,"5":2,"6":2,"7":2,"8":2,"9":2},"f":{},"b":{},"_coverageSchema":"1a1c01bbd47fc00a2c39e90264f33305004495a9","hash":"a12681ee4e0736afb59c9ffa1707e71b1221e2fe"}
,"C:\\Users\\WinterOS\\Documents\\Francisco\\Diseno\\Backend SIAT\\src\\modules\\ninos\\ninos.schema.js": {"path":"C:\\Users\\WinterOS\\Documents\\Francisco\\Diseno\\Backend SIAT\\src\\modules\\ninos\\ninos.schema.js","statementMap":{"0":{"start":{"line":1,"column":14},"end":{"line":1,"column":28}},"1":{"start":{"line":3,"column":27},"end":{"line":12,"column":2}},"2":{"start":{"line":8,"column":42},"end":{"line":8,"column":55}},"3":{"start":{"line":14,"column":23},"end":{"line":21,"column":2}},"4":{"start":{"line":23,"column":0},"end":{"line":23,"column":56}}},"fnMap":{"0":{"name":"(anonymous_0)","decl":{"start":{"line":8,"column":35},"end":{"line":8,"column":36}},"loc":{"start":{"line":8,"column":42},"end":{"line":8,"column":55}},"line":8}},"branchMap":{},"s":{"0":2,"1":2,"2":0,"3":2,"4":2},"f":{"0":0},"b":{},"_coverageSchema":"1a1c01bbd47fc00a2c39e90264f33305004495a9","hash":"e909f1191b62adce6d1b0b94ee60cb0bb16b60cc"}
,"C:\\Users\\WinterOS\\Documents\\Francisco\\Diseno\\Backend SIAT\\src\\modules\\ninos\\ninos.service.js": {"path":"C:\\Users\\WinterOS\\Documents\\Francisco\\Diseno\\Backend SIAT\\src\\modules\\ninos\\ninos.service.js","statementMap":{"0":{"start":{"line":1,"column":15},"end":{"line":1,"column":41}},"1":{"start":{"line":6,"column":18},"end":{"line":8,"column":6}},"2":{"start":{"line":10,"column":4},"end":{"line":12,"column":5}},"3":{"start":{"line":11,"column":6},"end":{"line":11,"column":71}},"4":{"start":{"line":14,"column":22},"end":{"line":24,"column":6}},"5":{"start":{"line":28,"column":4},"end":{"line":31,"column":7}},"6":{"start":{"line":33,"column":4},"end":{"line":33,"column":21}},"7":{"start":{"line":37,"column":4},"end":{"line":43,"column":5}},"8":{"start":{"line":38,"column":20},"end":{"line":41,"column":8}},"9":{"start":{"line":42,"column":6},"end":{"line":42,"column":53}},"10":{"start":{"line":45,"column":4},"end":{"line":51,"column":5}},"11":{"start":{"line":46,"column":20},"end":{"line":49,"column":8}},"12":{"start":{"line":50,"column":6},"end":{"line":50,"column":56}},"13":{"start":{"line":50,"column":38},"end":{"line":50,"column":48}},"14":{"start":{"line":53,"column":4},"end":{"line":53,"column":59}},"15":{"start":{"line":57,"column":19},"end":{"line":66,"column":6}},"16":{"start":{"line":67,"column":4},"end":{"line":67,"column":18}},"17":{"start":{"line":71,"column":0},"end":{"line":71,"column":36}}},"fnMap":{"0":{"name":"(anonymous_0)","decl":{"start":{"line":4,"column":2},"end":{"line":4,"column":3}},"loc":{"start":{"line":4,"column":51},"end":{"line":34,"column":3}},"line":4},"1":{"name":"(anonymous_1)","decl":{"start":{"line":36,"column":2},"end":{"line":36,"column":3}},"loc":{"start":{"line":36,"column":40},"end":{"line":54,"column":3}},"line":36},"2":{"name":"(anonymous_2)","decl":{"start":{"line":50,"column":33},"end":{"line":50,"column":34}},"loc":{"start":{"line":50,"column":38},"end":{"line":50,"column":48}},"line":50},"3":{"name":"(anonymous_3)","decl":{"start":{"line":56,"column":2},"end":{"line":56,"column":3}},"loc":{"start":{"line":56,"column":34},"end":{"line":68,"column":3}},"line":56}},"branchMap":{"0":{"loc":{"start":{"line":10,"column":4},"end":{"line":12,"column":5}},"type":"if","locations":[{"start":{"line":10,"column":4},"end":{"line":12,"column":5}},{"start":{},"end":{}}],"line":10},"1":{"loc":{"start":{"line":37,"column":4},"end":{"line":43,"column":5}},"type":"if","locations":[{"start":{"line":37,"column":4},"end":{"line":43,"column":5}},{"start":{},"end":{}}],"line":37},"2":{"loc":{"start":{"line":42,"column":13},"end":{"line":42,"column":52}},"type":"cond-expr","locations":[{"start":{"line":42,"column":31},"end":{"line":42,"column":47}},{"start":{"line":42,"column":50},"end":{"line":42,"column":52}}],"line":42},"3":{"loc":{"start":{"line":45,"column":4},"end":{"line":51,"column":5}},"type":"if","locations":[{"start":{"line":45,"column":4},"end":{"line":51,"column":5}},{"start":{},"end":{}}],"line":45},"4":{"loc":{"start":{"line":50,"column":13},"end":{"line":50,"column":55}},"type":"binary-expr","locations":[{"start":{"line":50,"column":13},"end":{"line":50,"column":49}},{"start":{"line":50,"column":53},"end":{"line":50,"column":55}}],"line":50}},"s":{"0":2,"1":0,"2":0,"3":0,"4":0,"5":0,"6":0,"7":2,"8":1,"9":1,"10":1,"11":1,"12":1,"13":2,"14":0,"15":0,"16":0,"17":2},"f":{"0":0,"1":2,"2":2,"3":0},"b":{"0":[0,0],"1":[1,1],"2":[1,0],"3":[1,0],"4":[1,0]},"_coverageSchema":"1a1c01bbd47fc00a2c39e90264f33305004495a9","hash":"386bdb7b20038d4dfa0b74705f993cd9ad78c4ce"}
,"C:\\Users\\WinterOS\\Documents\\Francisco\\Diseno\\Backend SIAT\\src\\modules\\reportes\\reportes.routes.js": {"path":"C:\\Users\\WinterOS\\Documents\\Francisco\\Diseno\\Backend SIAT\\src\\modules\\reportes\\reportes.routes.js","statementMap":{"0":{"start":{"line":1,"column":16},"end":{"line":1,"column":34}},"1":{"start":{"line":2,"column":15},"end":{"line":2,"column":31}},"2":{"start":{"line":3,"column":25},"end":{"line":3,"column":68}},"3":{"start":{"line":5,"column":0},"end":{"line":7,"column":3}},"4":{"start":{"line":6,"column":2},"end":{"line":6,"column":45}},"5":{"start":{"line":9,"column":0},"end":{"line":9,"column":24}}},"fnMap":{"0":{"name":"(anonymous_0)","decl":{"start":{"line":5,"column":49},"end":{"line":5,"column":50}},"loc":{"start":{"line":5,"column":63},"end":{"line":7,"column":1}},"line":5}},"branchMap":{},"s":{"0":2,"1":2,"2":2,"3":2,"4":0,"5":2},"f":{"0":0},"b":{},"_coverageSchema":"1a1c01bbd47fc00a2c39e90264f33305004495a9","hash":"7b1abf0e433d52e4858f1a3a885d5a4048e33753"}
,"C:\\Users\\WinterOS\\Documents\\Francisco\\Diseno\\Backend SIAT\\src\\modules\\sesiones\\sesiones.routes.js": {"path":"C:\\Users\\WinterOS\\Documents\\Francisco\\Diseno\\Backend SIAT\\src\\modules\\sesiones\\sesiones.routes.js","statementMap":{"0":{"start":{"line":1,"column":16},"end":{"line":1,"column":34}},"1":{"start":{"line":2,"column":15},"end":{"line":2,"column":31}},"2":{"start":{"line":3,"column":25},"end":{"line":3,"column":68}},"3":{"start":{"line":6,"column":0},"end":{"line":8,"column":3}},"4":{"start":{"line":7,"column":2},"end":{"line":7,"column":45}},"5":{"start":{"line":10,"column":0},"end":{"line":10,"column":24}}},"fnMap":{"0":{"name":"(anonymous_0)","decl":{"start":{"line":6,"column":30},"end":{"line":6,"column":31}},"loc":{"start":{"line":6,"column":44},"end":{"line":8,"column":1}},"line":6}},"branchMap":{},"s":{"0":2,"1":2,"2":2,"3":2,"4":0,"5":2},"f":{"0":0},"b":{},"_coverageSchema":"1a1c01bbd47fc00a2c39e90264f33305004495a9","hash":"c75c5d193302cb2009295c6774a6991cfff82d9f"}
}
