TN:
SF:src\app.js
FN:20,(anonymous_0)
FN:39,(anonymous_1)
FNF:2
FNH:0
FNDA:0,(anonymous_0)
FNDA:0,(anonymous_1)
DA:1,2
DA:2,2
DA:3,2
DA:5,2
DA:9,2
DA:15,2
DA:16,2
DA:17,2
DA:20,2
DA:21,0
DA:24,2
DA:25,2
DA:26,2
DA:27,2
DA:28,2
DA:29,2
DA:32,2
DA:33,2
DA:34,2
DA:35,2
DA:36,2
DA:39,2
DA:40,0
DA:44,2
DA:46,2
LF:25
LH:23
BRF:0
BRH:0
end_of_record
TN:
SF:src\config\env.js
FNF:0
FNH:0
DA:1,2
DA:2,2
DA:4,2
DA:6,2
DA:12,2
DA:14,2
DA:15,0
DA:16,0
DA:19,2
LF:9
LH:7
BRDA:14,0,0,0
BRDA:14,0,1,2
BRF:2
BRH:1
end_of_record
TN:
SF:src\middleware\auth.middleware.js
FN:4,(anonymous_0)
FN:22,(anonymous_1)
FN:22,(anonymous_2)
FNF:3
FNH:2
FNDA:3,(anonymous_0)
FNDA:2,(anonymous_1)
FNDA:0,(anonymous_2)
DA:1,2
DA:2,2
DA:4,2
DA:5,3
DA:7,3
DA:8,1
DA:11,2
DA:13,2
DA:14,2
DA:15,2
DA:16,2
DA:18,0
DA:22,2
DA:23,0
DA:24,0
DA:26,0
DA:29,2
LF:17
LH:13
BRDA:7,0,0,1
BRDA:7,0,1,2
BRDA:7,1,0,3
BRDA:7,1,1,2
BRDA:23,2,0,0
BRDA:23,2,1,0
BRDA:23,3,0,0
BRDA:23,3,1,0
BRF:8
BRH:4
end_of_record
TN:
SF:src\middleware\errorHandler.js
FN:1,(anonymous_0)
FNF:1
FNH:0
FNDA:0,(anonymous_0)
DA:1,2
DA:2,0
DA:4,0
DA:5,0
DA:7,0
DA:13,2
LF:6
LH:2
BRDA:4,0,0,0
BRDA:4,0,1,0
BRDA:5,1,0,0
BRDA:5,1,1,0
BRF:4
BRH:0
end_of_record
TN:
SF:src\middleware\validate.middleware.js
FN:3,(anonymous_0)
FN:3,(anonymous_1)
FN:16,(anonymous_2)
FNF:3
FNH:3
FNDA:8,(anonymous_0)
FNDA:3,(anonymous_1)
FNDA:2,(anonymous_2)
DA:1,2
DA:3,8
DA:4,3
DA:5,3
DA:10,2
DA:12,1
DA:13,1
DA:14,1
DA:16,2
DA:22,0
DA:26,2
LF:11
LH:10
BRDA:12,0,0,1
BRDA:12,0,1,0
BRDA:12,1,0,1
BRDA:12,1,1,1
BRDA:12,1,2,1
BRDA:13,2,0,1
BRDA:13,2,1,1
BRDA:17,3,0,2
BRDA:17,3,1,0
BRF:9
BRH:7
end_of_record
TN:
SF:src\modules\auth\auth.controller.js
FN:3,(anonymous_0)
FN:13,(anonymous_1)
FN:22,(anonymous_2)
FNF:3
FNH:2
FNDA:1,(anonymous_0)
FNDA:1,(anonymous_1)
FNDA:0,(anonymous_2)
DA:1,2
DA:3,2
DA:4,1
DA:5,1
DA:6,1
DA:7,0
DA:9,1
DA:13,2
DA:14,1
DA:15,1
DA:16,1
DA:18,0
DA:22,2
DA:24,0
DA:27,2
LF:15
LH:12
BRF:0
BRH:0
end_of_record
TN:
SF:src\modules\auth\auth.routes.js
FNF:0
FNH:0
DA:1,2
DA:2,2
DA:4,2
DA:5,2
DA:6,2
DA:7,2
DA:10,2
DA:13,2
DA:16,2
DA:18,2
LF:10
LH:10
BRF:0
BRH:0
end_of_record
TN:
SF:src\modules\auth\auth.schema.js
FNF:0
FNH:0
DA:1,2
DA:3,2
DA:11,2
DA:25,2
LF:4
LH:4
BRF:0
BRH:0
end_of_record
TN:
SF:src\modules\auth\auth.service.js
FN:7,(anonymous_0)
FN:41,(anonymous_1)
FN:58,(anonymous_2)
FNF:3
FNH:2
FNDA:1,(anonymous_0)
FNDA:1,(anonymous_1)
FNDA:0,(anonymous_2)
DA:1,2
DA:2,2
DA:3,2
DA:4,2
DA:8,1
DA:13,1
DA:14,1
DA:17,0
DA:18,0
DA:19,0
DA:23,0
DA:28,0
DA:38,0
DA:43,1
DA:47,1
DA:48,0
DA:52,1
DA:55,1
DA:58,1
DA:59,0
DA:70,0
DA:82,0
DA:85,1
DA:89,2
LF:24
LH:14
BRDA:13,0,0,1
BRDA:13,0,1,0
BRDA:18,1,0,0
BRDA:18,1,1,0
BRDA:47,2,0,0
BRDA:47,2,1,1
BRF:6
BRH:2
end_of_record
TN:
SF:src\modules\monitoreo\monitoreo.routes.js
FN:5,(anonymous_0)
FNF:1
FNH:0
FNDA:0,(anonymous_0)
DA:1,2
DA:2,2
DA:3,2
DA:5,2
DA:6,0
DA:9,2
LF:6
LH:5
BRF:0
BRH:0
end_of_record
TN:
SF:src\modules\ninos\ninos.controller.js
FN:3,(anonymous_0)
FN:13,(anonymous_1)
FN:23,(anonymous_2)
FNF:3
FNH:1
FNDA:0,(anonymous_0)
FNDA:2,(anonymous_1)
FNDA:0,(anonymous_2)
DA:1,2
DA:3,2
DA:4,0
DA:5,0
DA:6,0
DA:7,0
DA:9,0
DA:13,2
DA:14,2
DA:15,2
DA:16,2
DA:17,2
DA:19,0
DA:23,2
DA:24,0
DA:25,0
DA:26,0
DA:27,0
DA:29,0
DA:33,2
LF:20
LH:9
BRF:0
BRH:0
end_of_record
TN:
SF:src\modules\ninos\ninos.routes.js
FNF:0
FNH:0
DA:1,2
DA:2,2
DA:4,2
DA:5,2
DA:6,2
DA:7,2
DA:10,2
DA:13,2
DA:16,2
DA:18,2
LF:10
LH:10
BRF:0
BRH:0
end_of_record
TN:
SF:src\modules\ninos\ninos.schema.js
FN:8,(anonymous_0)
FNF:1
FNH:0
FNDA:0,(anonymous_0)
DA:1,2
DA:3,2
DA:8,0
DA:14,2
DA:23,2
LF:5
LH:4
BRF:0
BRH:0
end_of_record
TN:
SF:src\modules\ninos\ninos.service.js
FN:4,(anonymous_0)
FN:36,(anonymous_1)
FN:50,(anonymous_2)
FN:56,(anonymous_3)
FNF:4
FNH:2
FNDA:0,(anonymous_0)
FNDA:2,(anonymous_1)
FNDA:2,(anonymous_2)
FNDA:0,(anonymous_3)
DA:1,2
DA:6,0
DA:10,0
DA:11,0
DA:14,0
DA:28,0
DA:33,0
DA:37,2
DA:38,1
DA:42,1
DA:45,1
DA:46,1
DA:50,2
DA:53,0
DA:57,0
DA:67,0
DA:71,2
LF:17
LH:8
BRDA:10,0,0,0
BRDA:10,0,1,0
BRDA:37,1,0,1
BRDA:37,1,1,1
BRDA:42,2,0,1
BRDA:42,2,1,0
BRDA:45,3,0,1
BRDA:45,3,1,0
BRDA:50,4,0,1
BRDA:50,4,1,0
BRF:10
BRH:5
end_of_record
TN:
SF:src\modules\reportes\reportes.routes.js
FN:5,(anonymous_0)
FNF:1
FNH:0
FNDA:0,(anonymous_0)
DA:1,2
DA:2,2
DA:3,2
DA:5,2
DA:6,0
DA:9,2
LF:6
LH:5
BRF:0
BRH:0
end_of_record
TN:
SF:src\modules\sesiones\sesiones.routes.js
FN:6,(anonymous_0)
FNF:1
FNH:0
FNDA:0,(anonymous_0)
DA:1,2
DA:2,2
DA:3,2
DA:6,2
DA:7,0
DA:10,2
LF:6
LH:5
BRF:0
BRH:0
end_of_record
